TN:
SF:src/amqp-definitions-0-9-1.js
FNF:0
FNH:0
DA:1,8
DA:2,8
LF:2
LH:2
BRDA:1,0,0,8
BRF:1
BRH:1
end_of_record
TN:
SF:src/jspack.js
FN:26,exports.jspack
FN:30,exports.jspack._DeArray
FN:34,exports.jspack._EnArray
FN:40,exports.jspack._DeChar
FN:44,exports.jspack._EnChar
FN:48,exports.jspack._DeInt
FN:72,exports.jspack._EnInt
FN:87,exports.jspack._DeString
FN:97,exports.jspack._EnString
FN:106,exports.jspack._De754
FN:157,exports.jspack._En754
FN:224,exports.jspack._UnpackSeries
FN:236,exports.jspack._PackSeries
FN:245,exports.jspack.Unpack
FN:291,exports.jspack.PackTo
FN:349,exports.jspack.Pack
FN:354,exports.jspack.CalcLength
FNF:17
FNH:0
FNDA:0,exports.jspack
FNDA:0,exports.jspack._DeArray
FNDA:0,exports.jspack._EnArray
FNDA:0,exports.jspack._DeChar
FNDA:0,exports.jspack._EnChar
FNDA:0,exports.jspack._DeInt
FNDA:0,exports.jspack._EnInt
FNDA:0,exports.jspack._DeString
FNDA:0,exports.jspack._EnString
FNDA:0,exports.jspack._De754
FNDA:0,exports.jspack._En754
FNDA:0,exports.jspack._UnpackSeries
FNDA:0,exports.jspack._PackSeries
FNDA:0,exports.jspack.Unpack
FNDA:0,exports.jspack.PackTo
FNDA:0,exports.jspack.Pack
FNDA:0,exports.jspack.CalcLength
DA:1,8
DA:2,8
DA:3,8
DA:4,8
DA:5,8
DA:6,8
DA:7,8
DA:8,8
DA:9,8
DA:10,8
DA:11,8
DA:12,8
DA:13,8
DA:14,8
DA:15,8
DA:16,8
DA:17,8
DA:18,8
DA:19,8
DA:20,8
DA:21,8
DA:22,8
DA:23,8
DA:24,8
DA:25,8
DA:26,8
DA:27,0
DA:28,0
DA:29,8
DA:30,8
DA:31,0
DA:32,8
DA:33,8
DA:34,8
DA:35,0
DA:36,0
DA:37,0
DA:38,8
DA:39,8
DA:40,8
DA:41,0
DA:42,8
DA:43,8
DA:44,8
DA:45,0
DA:46,8
DA:47,8
DA:48,8
DA:49,0
DA:50,0
DA:51,0
DA:52,0
DA:53,0
DA:54,0
DA:55,0
DA:56,0
DA:57,0
DA:58,0
DA:59,0
DA:60,0
DA:61,0
DA:62,0
DA:63,0
DA:64,0
DA:65,0
DA:66,0
DA:67,0
DA:68,0
DA:69,0
DA:70,8
DA:71,8
DA:72,8
DA:73,0
DA:74,0
DA:75,0
DA:76,0
DA:77,0
DA:78,0
DA:79,0
DA:80,0
DA:81,0
DA:82,0
DA:83,0
DA:84,0
DA:85,8
DA:86,8
DA:87,8
DA:88,0
DA:89,0
DA:90,0
DA:91,0
DA:92,0
DA:93,0
DA:94,0
DA:95,8
DA:96,8
DA:97,8
DA:98,0
DA:99,0
DA:100,0
DA:101,0
DA:102,0
DA:103,0
DA:104,8
DA:105,8
DA:106,8
DA:107,0
DA:108,0
DA:109,0
DA:110,0
DA:111,0
DA:112,0
DA:113,0
DA:114,0
DA:115,0
DA:116,0
DA:117,0
DA:118,0
DA:119,0
DA:120,0
DA:121,0
DA:122,0
DA:123,0
DA:124,0
DA:125,0
DA:126,0
DA:127,0
DA:128,0
DA:129,0
DA:130,0
DA:131,0
DA:132,0
DA:133,0
DA:134,0
DA:135,0
DA:136,0
DA:137,0
DA:138,0
DA:139,0
DA:140,0
DA:141,0
DA:142,0
DA:143,0
DA:144,0
DA:145,0
DA:146,0
DA:147,0
DA:148,0
DA:149,0
DA:150,0
DA:151,0
DA:152,0
DA:153,0
DA:154,0
DA:155,8
DA:156,8
DA:157,8
DA:158,0
DA:159,0
DA:160,0
DA:161,0
DA:162,0
DA:163,0
DA:164,0
DA:165,0
DA:166,0
DA:167,0
DA:168,0
DA:169,0
DA:170,0
DA:171,0
DA:172,0
DA:173,0
DA:174,0
DA:175,0
DA:176,0
DA:177,0
DA:178,0
DA:179,0
DA:180,0
DA:181,0
DA:182,0
DA:183,0
DA:184,0
DA:185,0
DA:186,0
DA:187,0
DA:188,0
DA:189,0
DA:190,0
DA:191,0
DA:192,0
DA:193,0
DA:194,0
DA:195,0
DA:196,0
DA:197,0
DA:198,0
DA:199,0
DA:200,0
DA:201,0
DA:202,0
DA:203,0
DA:204,0
DA:205,0
DA:206,0
DA:207,0
DA:208,0
DA:209,0
DA:210,0
DA:211,0
DA:212,0
DA:213,0
DA:214,0
DA:215,0
DA:216,0
DA:217,0
DA:218,0
DA:219,0
DA:220,0
DA:221,8
DA:222,8
DA:223,8
DA:224,8
DA:225,0
DA:226,0
DA:227,0
DA:228,0
DA:229,0
DA:230,0
DA:231,0
DA:232,0
DA:233,8
DA:234,8
DA:235,8
DA:236,8
DA:237,0
DA:238,0
DA:239,0
DA:240,0
DA:241,0
DA:242,8
DA:243,8
DA:244,8
DA:245,8
DA:246,0
DA:247,0
DA:248,0
DA:249,0
DA:250,0
DA:251,0
DA:252,0
DA:253,0
DA:254,0
DA:255,0
DA:256,0
DA:257,0
DA:258,0
DA:259,0
DA:260,0
DA:261,0
DA:262,0
DA:263,0
DA:264,0
DA:265,0
DA:266,0
DA:267,0
DA:268,0
DA:269,0
DA:270,0
DA:271,0
DA:272,0
DA:273,0
DA:274,0
DA:275,0
DA:276,0
DA:277,0
DA:278,0
DA:279,0
DA:280,0
DA:281,0
DA:282,0
DA:283,0
DA:284,0
DA:285,0
DA:286,0
DA:287,0
DA:288,8
DA:289,8
DA:290,8
DA:291,8
DA:292,0
DA:293,0
DA:294,0
DA:295,0
DA:296,0
DA:297,0
DA:298,0
DA:299,0
DA:300,0
DA:301,0
DA:302,0
DA:303,0
DA:304,0
DA:305,0
DA:306,0
DA:307,0
DA:308,0
DA:309,0
DA:310,0
DA:311,0
DA:312,0
DA:313,0
DA:314,0
DA:315,0
DA:316,0
DA:317,0
DA:318,0
DA:319,0
DA:320,0
DA:321,0
DA:322,0
DA:323,0
DA:324,0
DA:325,0
DA:326,0
DA:327,0
DA:328,0
DA:329,0
DA:330,0
DA:331,0
DA:332,0
DA:333,0
DA:334,0
DA:335,0
DA:336,0
DA:337,0
DA:338,0
DA:339,0
DA:340,0
DA:341,0
DA:342,0
DA:343,0
DA:344,0
DA:345,0
DA:346,8
DA:347,8
DA:348,8
DA:349,8
DA:350,0
DA:351,8
DA:352,8
DA:353,8
DA:354,8
DA:355,0
DA:356,0
DA:357,0
DA:358,0
DA:359,0
DA:360,0
DA:361,0
DA:362,0
DA:363,0
DA:364,0
DA:365,0
DA:366,0
DA:367,8
DA:368,8
DA:369,8
DA:370,8
DA:371,8
DA:372,8
DA:373,8
DA:374,8
DA:375,8
DA:376,8
DA:377,8
DA:378,8
DA:379,8
DA:380,8
DA:381,8
DA:382,8
DA:383,8
DA:384,8
DA:385,8
DA:386,8
DA:387,8
DA:388,8
DA:389,8
DA:390,8
DA:391,8
DA:392,8
DA:393,8
DA:394,8
DA:395,8
DA:396,8
DA:397,8
DA:398,8
DA:399,8
DA:400,8
DA:401,8
DA:402,8
DA:403,8
DA:404,8
DA:405,8
DA:406,8
DA:407,8
DA:408,8
DA:409,8
DA:410,8
DA:411,8
DA:412,8
DA:413,8
DA:414,8
DA:415,8
DA:416,8
DA:417,8
DA:418,8
DA:419,8
DA:420,8
DA:421,8
DA:422,8
DA:423,8
DA:424,8
DA:425,8
DA:426,8
DA:427,8
DA:428,8
DA:429,8
DA:430,8
DA:431,8
DA:432,8
DA:433,8
DA:434,8
DA:435,8
DA:436,8
DA:437,8
DA:438,8
DA:439,8
DA:440,8
DA:441,8
DA:442,8
DA:443,8
DA:444,8
DA:445,8
DA:446,8
DA:447,8
DA:448,8
DA:449,8
DA:450,8
DA:451,8
DA:452,8
DA:453,8
DA:454,8
DA:455,8
DA:456,8
DA:457,8
DA:458,8
DA:459,8
DA:460,8
DA:461,8
DA:462,8
DA:463,8
DA:464,8
DA:465,8
DA:466,8
DA:467,8
DA:468,8
DA:469,8
DA:470,8
DA:471,8
DA:472,8
DA:473,8
DA:474,8
DA:475,8
DA:476,8
DA:477,8
DA:478,8
DA:479,8
DA:480,8
DA:481,8
LF:481
LH:194
BRDA:1,0,0,8
BRF:1
BRH:1
end_of_record
TN:
SF:src/lib/Errors.js
FN:6,BasicReturnError
FNF:1
FNH:1
FNDA:101,BasicReturnError
DA:1,8
DA:2,8
DA:3,8
DA:4,8
DA:5,8
DA:6,101
DA:7,101
DA:8,101
DA:9,101
DA:10,101
DA:11,101
DA:12,101
DA:13,101
DA:14,101
DA:15,101
DA:16,101
DA:17,101
DA:18,101
DA:19,101
DA:20,101
DA:21,101
DA:22,8
DA:23,8
DA:24,8
LF:24
LH:24
BRDA:1,0,0,8
BRDA:6,1,0,101
BRF:2
BRH:2
end_of_record
TN:
SF:src/lib/parseHelpers.js
FN:5,parseIntFromBuffer
FN:28,parseShortString
FN:35,parseLongString
FN:42,parseSignedInteger
FN:52,parseTable
FN:65,Object.setPrototypeOf
FN:66,Object.setPrototypeOf
FN:68,Object.setPrototypeOf
FN:69,Object.setPrototypeOf
FN:71,Object.setPrototypeOf
FN:77,Object.setPrototypeOf
FN:86,Object.setPrototypeOf
FN:95,Object.setPrototypeOf
FN:103,Object.setPrototypeOf
FN:117,bit
FN:130,octet
FN:134,short
FN:138,long
FN:142,timestamp
FN:146,longlong
FN:150,shortstr
FN:154,longstr
FN:158,table
FN:164,parseFields
FN:177,parseValue
FNF:25
FNH:16
FNDA:478110,parseIntFromBuffer
FNDA:126674,parseShortString
FNDA:1529,parseLongString
FNDA:0,parseSignedInteger
FNDA:331,parseTable
FNDA:101,Object.setPrototypeOf
FNDA:0,Object.setPrototypeOf
FNDA:0,Object.setPrototypeOf
FNDA:1035,Object.setPrototypeOf
FNDA:0,Object.setPrototypeOf
FNDA:0,Object.setPrototypeOf
FNDA:0,Object.setPrototypeOf
FNDA:0,Object.setPrototypeOf
FNDA:0,Object.setPrototypeOf
FNDA:28993,bit
FNDA:230,octet
FNDA:1546,short
FNDA:35005,long
FNDA:0,timestamp
FNDA:28991,longlong
FNDA:124733,shortstr
FNDA:839,longstr
FNDA:216,table
FNDA:75304,parseFields
FNDA:1941,parseValue
DA:1,8
DA:2,8
DA:3,8
DA:4,8
DA:5,8
DA:6,478110
DA:7,478110
DA:8,1035
DA:9,478110
DA:10,478110
DA:11,281636
DA:12,478110
DA:13,478110
DA:14,139774
DA:15,139774
DA:16,478110
DA:17,478110
DA:18,55665
DA:19,55665
DA:20,55665
DA:21,55665
DA:22,478110
DA:23,478110
DA:24,0
DA:25,478110
DA:26,8
DA:27,8
DA:28,8
DA:29,126674
DA:30,126674
DA:31,126674
DA:32,126674
DA:33,8
DA:34,8
DA:35,8
DA:36,1529
DA:37,1529
DA:38,1529
DA:39,1529
DA:40,1529
DA:41,8
DA:42,8
DA:43,0
DA:44,0
DA:45,0
DA:46,0
DA:47,0
DA:48,0
DA:49,0
DA:50,0
DA:51,8
DA:52,8
DA:53,331
DA:54,331
DA:55,331
DA:56,331
DA:57,1941
DA:58,1941
DA:59,331
DA:60,331
DA:61,331
DA:62,8
DA:63,8
DA:64,8
DA:65,8
DA:66,8
DA:67,8
DA:68,8
DA:69,8
DA:70,8
DA:71,8
DA:72,0
DA:73,0
DA:74,0
DA:75,8
DA:76,8
DA:77,8
DA:78,0
DA:79,0
DA:80,0
DA:81,0
DA:82,0
DA:83,0
DA:84,8
DA:85,8
DA:86,8
DA:87,0
DA:88,0
DA:89,0
DA:90,0
DA:91,0
DA:92,0
DA:93,8
DA:94,8
DA:95,8
DA:96,0
DA:97,0
DA:98,0
DA:99,0
DA:100,0
DA:101,8
DA:102,8
DA:103,8
DA:104,0
DA:105,0
DA:106,0
DA:107,0
DA:108,0
DA:109,0
DA:110,0
DA:111,0
DA:112,0
DA:113,8
DA:114,8
DA:115,8
DA:116,8
DA:117,8
DA:118,28993
DA:119,28993
DA:120,28993
DA:121,0
DA:122,28993
DA:123,28993
DA:124,28993
DA:125,28993
DA:126,28993
DA:127,28993
DA:128,8
DA:129,8
DA:130,8
DA:131,230
DA:132,8
DA:133,8
DA:134,8
DA:135,1546
DA:136,8
DA:137,8
DA:138,8
DA:139,35005
DA:140,8
DA:141,8
DA:142,8
DA:143,0
DA:144,8
DA:145,8
DA:146,8
DA:147,28991
DA:148,8
DA:149,8
DA:150,8
DA:151,124733
DA:152,8
DA:153,8
DA:154,8
DA:155,839
DA:156,8
DA:157,8
DA:158,8
DA:159,216
DA:160,8
DA:161,8
DA:162,8
DA:163,8
DA:164,8
DA:165,75304
DA:166,75304
DA:167,75304
DA:168,75304
DA:169,220553
DA:170,220553
DA:171,220553
DA:172,220553
DA:173,75304
DA:174,75304
DA:175,75304
DA:176,8
DA:177,8
DA:178,1941
DA:179,1941
DA:180,1941
DA:181,8
DA:182,8
DA:183,8
DA:184,8
DA:185,8
DA:186,8
DA:187,8
DA:188,8
DA:189,8
DA:190,8
DA:191,8
LF:191
LH:151
BRDA:1,0,0,8
BRDA:5,1,0,478110
BRDA:7,2,0,1035
BRDA:10,3,0,281636
BRDA:13,4,0,139774
BRDA:17,5,0,55665
BRDA:23,6,0,0
BRDA:28,7,0,126674
BRDA:35,8,0,1529
BRDA:52,9,0,331
BRDA:56,10,0,1941
BRDA:65,11,0,101
BRDA:69,12,0,1035
BRDA:117,13,0,28993
BRDA:119,14,0,132
BRDA:119,15,0,28861
BRDA:120,16,0,26573
BRDA:120,17,0,0
BRDA:130,18,0,230
BRDA:134,19,0,1546
BRDA:138,20,0,35005
BRDA:146,21,0,28991
BRDA:150,22,0,124733
BRDA:154,23,0,839
BRDA:158,24,0,216
BRDA:164,25,0,75304
BRDA:168,26,0,220553
BRDA:177,27,0,1941
BRF:28
BRH:26
end_of_record
